
> application@0.0.0 start /home/ubuntu/app/application
> node ./bin/www

Terminated

npm ERR! Linux 5.11.0-1022-aws
npm ERR! argv "/home/ubuntu/.nvm/versions/node/v7.10.1/bin/node" "/home/ubuntu/.nvm/versions/node/v7.10.1/bin/npm" "start"
npm ERR! node v7.10.1
npm ERR! npm  v4.2.0
npm ERR! code ELIFECYCLE
npm ERR! errno 143
npm ERR! application@0.0.0 start: `node ./bin/www`
npm ERR! Exit status 143
npm ERR! 
npm ERR! Failed at the application@0.0.0 start script 'node ./bin/www'.
npm ERR! Make sure you have the latest version of node.js and npm installed.
npm ERR! If you do, this is most likely a problem with the application package,
npm ERR! not with npm itself.
npm ERR! Tell the author that this fails on your system:
npm ERR!     node ./bin/www
npm ERR! You can get information on how to open an issue for this project with:
npm ERR!     npm bugs application
npm ERR! Or if that isn't available, you can get their info via:
npm ERR!     npm owner ls application
npm ERR! There is likely additional logging output above.

npm ERR! Please include the following file with any support request:
npm ERR!     /home/ubuntu/.npm/_logs/2022-02-17T04_43_33_571Z-debug.log

> application@0.0.0 start /home/ubuntu/app/application
> node ./bin/www

[0mGET / [36m304 [0m14.670 ms - -[0m
[0mGET /stylesheets/bootstrap.css [36m304 [0m2.245 ms - -[0m
[0mGET /stylesheets/form.css [36m304 [0m0.617 ms - -[0m
[0mGET /javascripts/bootstrap.bundle.js [36m304 [0m0.239 ms - -[0m
[0mGET /about/patel [32m200 [0m3.121 ms - 2012[0m
[0mGET /stylesheets/bootstrap.css [36m304 [0m0.571 ms - -[0m
[0mGET /stylesheets/form.css [36m304 [0m0.566 ms - -[0m
[0mGET /javascripts/bootstrap.bundle.js [36m304 [0m0.227 ms - -[0m
[0mGET /images/generic-photo.jpg [36m304 [0m0.327 ms - -[0m
[0mGET / [36m304 [0m1.072 ms - -[0m
[0mGET /stylesheets/bootstrap.css [36m304 [0m0.283 ms - -[0m
[0mGET /stylesheets/form.css [36m304 [0m0.794 ms - -[0m
[0mGET /javascripts/bootstrap.bundle.js [36m304 [0m0.840 ms - -[0m
